  Main.cpp
  RTRenderer.cpp
D:\csHobby\MyRayTracer\src\RTRenderer.cpp(39,36): warning C4018: '<': signed/unsigned mismatch
D:\csHobby\MyRayTracer\src\RTRenderer.cpp(52,69): warning C4244: 'argument': conversion from 'T' to 'const uint8_t', possible loss of data
          with
          [
              T=float
          ]
D:\csHobby\MyRayTracer\src\RTRenderer.cpp(52,54): warning C4244: 'argument': conversion from 'T' to 'const uint8_t', possible loss of data
          with
          [
              T=float
          ]
D:\csHobby\MyRayTracer\src\RTRenderer.cpp(52,39): warning C4244: 'argument': conversion from 'T' to 'const uint8_t', possible loss of data
          with
          [
              T=float
          ]
LINK : warning LNK4098: defaultlib 'LIBCMT' conflicts with use of other libs; use /NODEFAULTLIB:library
  Generating code
  4 of 917 functions ( 0.4%) were compiled, the rest were copied from previous compilation.
    0 functions were new in current compilation
    2 functions had inline decision re-evaluated but remain unchanged
  Finished generating code
glew32s.lib(glew.obj) : warning LNK4099: PDB '' was not found with 'glew32s.lib(glew.obj)' or at ''; linking object as if no debug info
  MyRayTracer.vcxproj -> D:\csHobby\MyRayTracer\x64\Release\MyRayTracer.exe
