d:\cshobby\myraytracer\x64\release\vc143.pdb
d:\cshobby\myraytracer\x64\release\window.obj
d:\cshobby\myraytracer\x64\release\triangle.obj
d:\cshobby\myraytracer\x64\release\tgaimage.obj
d:\cshobby\myraytracer\x64\release\tests.obj
d:\cshobby\myraytracer\x64\release\sphere.obj
d:\cshobby\myraytracer\x64\release\shader.obj
d:\cshobby\myraytracer\x64\release\scene.obj
d:\cshobby\myraytracer\x64\release\rtrenderer.obj
d:\cshobby\myraytracer\x64\release\resources.obj
d:\cshobby\myraytracer\x64\release\resourcemanager.obj
d:\cshobby\myraytracer\x64\release\raytracer.obj
d:\cshobby\myraytracer\x64\release\quadlight.obj
d:\cshobby\myraytracer\x64\release\object.obj
d:\cshobby\myraytracer\x64\release\meshdistancefield.obj
d:\cshobby\myraytracer\x64\release\mesh.obj
d:\cshobby\myraytracer\x64\release\main.obj
d:\cshobby\myraytracer\x64\release\engineapp.obj
d:\cshobby\myraytracer\x64\release\core.obj
d:\cshobby\myraytracer\x64\release\rtcamera.obj
d:\cshobby\myraytracer\x64\release\glm.obj
d:\cshobby\myraytracer\x64\release\myraytracer.ipdb
d:\cshobby\myraytracer\x64\release\myraytracer.iobj
d:\cshobby\myraytracer\x64\release\myraytracer.exe
d:\cshobby\myraytracer\x64\release\myraytracer.pdb
d:\cshobby\myraytracer\x64\release\myraytracer.tlog\cl.command.1.tlog
d:\cshobby\myraytracer\x64\release\myraytracer.tlog\cl.read.1.tlog
d:\cshobby\myraytracer\x64\release\myraytracer.tlog\cl.write.1.tlog
d:\cshobby\myraytracer\x64\release\myraytracer.tlog\link.command.1.tlog
d:\cshobby\myraytracer\x64\release\myraytracer.tlog\link.read.1.tlog
d:\cshobby\myraytracer\x64\release\myraytracer.tlog\link.write.1.tlog
d:\cshobby\myraytracer\x64\release\myraytracer.tlog\link.write.2u.tlog
