d:\cshobby\myraytracer\x64\debug\vc143.pdb
d:\cshobby\myraytracer\x64\debug\vc143.idb
d:\cshobby\myraytracer\x64\debug\window.obj
d:\cshobby\myraytracer\x64\debug\tgaimage.obj
d:\cshobby\myraytracer\x64\debug\sphere.obj
d:\cshobby\myraytracer\x64\debug\scene.obj
d:\cshobby\myraytracer\x64\debug\rtrenderer.obj
d:\cshobby\myraytracer\x64\debug\resources.obj
d:\cshobby\myraytracer\x64\debug\resourcemanager.obj
d:\cshobby\myraytracer\x64\debug\raytracer.obj
d:\cshobby\myraytracer\x64\debug\quadlight.obj
d:\cshobby\myraytracer\x64\debug\object.obj
d:\cshobby\myraytracer\x64\debug\meshdistancefield.obj
d:\cshobby\myraytracer\x64\debug\mesh.obj
d:\cshobby\myraytracer\x64\debug\main.obj
d:\cshobby\myraytracer\x64\debug\engineapp.obj
d:\cshobby\myraytracer\x64\debug\core.obj
d:\cshobby\myraytracer\x64\debug\camera.obj
d:\cshobby\myraytracer\x64\debug\glm.obj
d:\cshobby\myraytracer\x64\debug\triangle.obj
d:\cshobby\myraytracer\x64\debug\tests.obj
d:\cshobby\myraytracer\x64\debug\shader.obj
d:\cshobby\myraytracer\x64\debug\rtcamera.obj
d:\cshobby\myraytracer\x64\debug\myraytracer.exe
d:\cshobby\myraytracer\x64\debug\myraytracer.ilk
d:\cshobby\myraytracer\x64\debug\myraytracer.pdb
d:\cshobby\myraytracer\x64\debug\meshdistancefield.new.obj.enc
d:\cshobby\myraytracer\x64\debug\tests.obj.enc
d:\cshobby\myraytracer\x64\debug\myraytracer.tlog\cl.command.1.tlog
d:\cshobby\myraytracer\x64\debug\myraytracer.tlog\cl.write.1.tlog
d:\cshobby\myraytracer\x64\debug\myraytracer.tlog\link.command.1.tlog
d:\cshobby\myraytracer\x64\debug\myraytracer.tlog\link.read.1.tlog
d:\cshobby\myraytracer\x64\debug\myraytracer.tlog\link.write.1.tlog
